{"level":"info","message":"Server running on port 5000","timestamp":"2026-07-07 12:01:47"}
{"level":"info","message":"Environment: development","timestamp":"2026-07-07 12:01:47"}
{"level":"info","message":"Health check: http://localhost:5000/health","timestamp":"2026-07-07 12:01:47"}
{"level":"info","message":"Server running on port 5000","timestamp":"2026-07-07 12:03:59"}
{"level":"info","message":"Environment: development","timestamp":"2026-07-07 12:03:59"}
{"level":"info","message":"Health check: http://localhost:5000/health","timestamp":"2026-07-07 12:03:59"}
{"level":"info","message":{"duration":"5ms","ip":"::1","method":"GET","status":200,"url":"/health","userAgent":"Mozilla/5.0 (Windows NT; Windows NT 10.0; en-US) WindowsPowerShell/5.1.22621.2506"},"timestamp":"2026-07-07 12:04:23"}
{"level":"error","message":"Registration error: SASL: SCRAM-SERVER-FIRST-MESSAGE: client password must be a string","stack":"Error: SASL: SCRAM-SERVER-FIRST-MESSAGE: client password must be a string\n    at C:\\Users\\Administrator\\Desktop\\time-bank\\Time-bank\\time-bank\\backend\\node_modules\\pg-pool\\index.js:45:11\n    at process.processTicksAndRejections (node:internal/process/task_queues:104:5)\n    at async User.findByEmail (C:\\Users\\Administrator\\Desktop\\time-bank\\Time-bank\\time-bank\\backend\\src\\models\\User.js:20:24)\n    at async exports.register (C:\\Users\\Administrator\\Desktop\\time-bank\\Time-bank\\time-bank\\backend\\src\\controllers\\authController.js:24:30)","timestamp":"2026-07-07 12:06:59"}
{"level":"info","message":{"duration":"93ms","ip":"::1","method":"POST","status":500,"url":"/register","userAgent":"Mozilla/5.0 (Windows NT; Windows NT 10.0; en-US) WindowsPowerShell/5.1.22621.2506"},"timestamp":"2026-07-07 12:06:59"}
{"level":"error","message":"Registration error: SASL: SCRAM-SERVER-FIRST-MESSAGE: client password must be a string","stack":"Error: SASL: SCRAM-SERVER-FIRST-MESSAGE: client password must be a string\n    at C:\\Users\\Administrator\\Desktop\\time-bank\\Time-bank\\time-bank\\backend\\node_modules\\pg-pool\\index.js:45:11\n    at process.processTicksAndRejections (node:internal/process/task_queues:104:5)\n    at async User.findByEmail (C:\\Users\\Administrator\\Desktop\\time-bank\\Time-bank\\time-bank\\backend\\src\\models\\User.js:20:24)\n    at async exports.register (C:\\Users\\Administrator\\Desktop\\time-bank\\Time-bank\\time-bank\\backend\\src\\controllers\\authController.js:24:30)","timestamp":"2026-07-07 12:13:55"}
{"level":"info","message":{"duration":"42ms","ip":"::1","method":"POST","status":500,"url":"/register","userAgent":"Mozilla/5.0 (Windows NT; Windows NT 10.0; en-US) WindowsPowerShell/5.1.22621.2506"},"timestamp":"2026-07-07 12:13:55"}
{"level":"info","message":"Server running on port 5000","timestamp":"2026-07-07 12:18:10"}
{"level":"info","message":"Environment: development","timestamp":"2026-07-07 12:18:10"}
{"level":"info","message":"Health check: http://localhost:5000/health","timestamp":"2026-07-07 12:18:10"}
{"level":"info","message":"User registered: john_doe (john@example.com)","timestamp":"2026-07-07 12:18:34"}
{"level":"info","message":{"duration":"251ms","ip":"::1","method":"POST","status":201,"url":"/register","userAgent":"Mozilla/5.0 (Windows NT; Windows NT 10.0; en-US) WindowsPowerShell/5.1.22621.2506"},"timestamp":"2026-07-07 12:18:34"}
{"level":"info","message":"User logged in: john_doe (john@example.com)","timestamp":"2026-07-07 12:20:27"}
{"level":"info","message":{"duration":"323ms","ip":"::1","method":"POST","status":200,"url":"/login","userAgent":"Mozilla/5.0 (Windows NT; Windows NT 10.0; en-US) WindowsPowerShell/5.1.22621.2506"},"timestamp":"2026-07-07 12:20:27"}
{"level":"info","message":{"duration":"61ms","ip":"::1","method":"GET","status":200,"url":"/me","userAgent":"Mozilla/5.0 (Windows NT; Windows NT 10.0; en-US) WindowsPowerShell/5.1.22621.2506"},"timestamp":"2026-07-07 12:24:35"}
{"level":"info","message":"Offer created: JavaScript Tutoring by user 1","timestamp":"2026-07-07 12:25:18"}
{"level":"info","message":{"duration":"48ms","ip":"::1","method":"POST","status":201,"url":"/","userAgent":"Mozilla/5.0 (Windows NT; Windows NT 10.0; en-US) WindowsPowerShell/5.1.22621.2506"},"timestamp":"2026-07-07 12:25:18"}
{"level":"info","message":{"duration":"3ms","ip":"::1","method":"GET","status":200,"url":"/","userAgent":"Mozilla/5.0 (Windows NT; Windows NT 10.0; en-US) WindowsPowerShell/5.1.22621.2506"},"timestamp":"2026-07-07 12:25:44"}
{"level":"info","message":{"duration":"50ms","ip":"::1","method":"GET","status":200,"url":"/my","userAgent":"Mozilla/5.0 (Windows NT; Windows NT 10.0; en-US) WindowsPowerShell/5.1.22621.2506"},"timestamp":"2026-07-07 12:26:20"}
{"level":"info","message":{"duration":"2ms","ip":"::1","method":"GET","status":200,"url":"/health","userAgent":"Mozilla/5.0 (Windows NT; Windows NT 10.0; en-US) WindowsPowerShell/5.1.22621.2506"},"timestamp":"2026-07-07 13:46:33"}
{"level":"info","message":{"duration":"1ms","ip":"::1","method":"GET","status":200,"url":"/health","userAgent":"Mozilla/5.0 (Windows NT; Windows NT 10.0; en-US) WindowsPowerShell/5.1.22621.2506"},"timestamp":"2026-07-07 13:49:15"}
{"level":"info","message":"Server running on port 5000","timestamp":"2026-07-07 13:51:36"}
{"level":"info","message":"Environment: development","timestamp":"2026-07-07 13:51:36"}
{"level":"info","message":"Health check: http://localhost:5000/health","timestamp":"2026-07-07 13:51:36"}
